<?xml version="1.0" encoding="UTF-8"?>
<coverage generated="1604612798935" clover="3.2.0">
  <project timestamp="1604612798935" name="All files">
    <metrics statements="17" coveredstatements="17" conditionals="21" coveredconditionals="20" methods="6" coveredmethods="6" elements="44" coveredelements="43" complexity="0" loc="17" ncloc="17" packages="2" files="2" classes="2"/>
    <package name="Button">
      <metrics statements="7" coveredstatements="7" conditionals="10" coveredconditionals="10" methods="4" coveredmethods="4"/>
      <file name="index.tsx" path="/Users/matt/code/improvnz/app/javascript/atoms/Button/index.tsx">
        <metrics statements="7" coveredstatements="7" conditionals="10" coveredconditionals="10" methods="4" coveredmethods="4"/>
        <line num="44" count="1" type="stmt"/>
        <line num="45" count="117" type="cond" truecount="2" falsecount="0"/>
        <line num="47" count="1" type="stmt"/>
        <line num="52" count="9" type="stmt"/>
        <line num="54" count="1" type="stmt"/>
        <line num="62" count="9" type="stmt"/>
        <line num="79" count="1" type="stmt"/>
      </file>
    </package>
    <package name="Icon">
      <metrics statements="10" coveredstatements="10" conditionals="11" coveredconditionals="10" methods="2" coveredmethods="2"/>
      <file name="index.tsx" path="/Users/matt/code/improvnz/app/javascript/atoms/Icon/index.tsx">
        <metrics statements="10" coveredstatements="10" conditionals="11" coveredconditionals="10" methods="2" coveredmethods="2"/>
        <line num="5" count="1" type="stmt"/>
        <line num="6" count="1" type="stmt"/>
        <line num="14" count="1" type="stmt"/>
        <line num="86" count="1" type="stmt"/>
        <line num="87" count="3" type="cond" truecount="1" falsecount="1"/>
        <line num="89" count="1" type="stmt"/>
        <line num="90" count="3" type="cond" truecount="2" falsecount="0"/>
        <line num="91" count="3" type="cond" truecount="3" falsecount="0"/>
        <line num="93" count="3" type="stmt"/>
        <line num="108" count="1" type="stmt"/>
      </file>
    </package>
  </project>
</coverage>
