{"/Users/matt/code/improvnz/app/javascript/atoms/Button/index.tsx": {"path":"/Users/matt/code/improvnz/app/javascript/atoms/Button/index.tsx","statementMap":{"0":{"start":{"line":44,"column":16},"end":{"line":45,"column":69}},"1":{"start":{"line":45,"column":2},"end":{"line":45,"column":69}},"2":{"start":{"line":45,"column":35},"end":{"line":45,"column":52}},"3":{"start":{"line":47,"column":49},"end":{"line":50,"column":1}},"4":{"start":{"line":52,"column":19},"end":{"line":52,"column":86}},"5":{"start":{"line":52,"column":59},"end":{"line":52,"column":86}},"6":{"start":{"line":54,"column":38},"end":{"line":77,"column":1}},"7":{"start":{"line":62,"column":2},"end":{"line":76,"column":11}},"8":{"start":{"line":79,"column":0},"end":{"line":79,"column":30}}},"fnMap":{"0":{"name":"(anonymous_0)","decl":{"start":{"line":44,"column":16},"end":{"line":44,"column":17}},"loc":{"start":{"line":45,"column":2},"end":{"line":45,"column":69}},"line":45},"1":{"name":"(anonymous_1)","decl":{"start":{"line":45,"column":25},"end":{"line":45,"column":26}},"loc":{"start":{"line":45,"column":35},"end":{"line":45,"column":52}},"line":45},"2":{"name":"(anonymous_2)","decl":{"start":{"line":52,"column":19},"end":{"line":52,"column":20}},"loc":{"start":{"line":52,"column":59},"end":{"line":52,"column":86}},"line":52},"3":{"name":"(anonymous_3)","decl":{"start":{"line":54,"column":38},"end":{"line":54,"column":39}},"loc":{"start":{"line":62,"column":2},"end":{"line":76,"column":11}},"line":62}},"branchMap":{"0":{"loc":{"start":{"line":45,"column":2},"end":{"line":45,"column":69}},"type":"binary-expr","locations":[{"start":{"line":45,"column":2},"end":{"line":45,"column":53}},{"start":{"line":45,"column":57},"end":{"line":45,"column":69}}],"line":45},"1":{"loc":{"start":{"line":55,"column":2},"end":{"line":55,"column":17}},"type":"default-arg","locations":[{"start":{"line":55,"column":9},"end":{"line":55,"column":17}}],"line":55},"2":{"loc":{"start":{"line":57,"column":2},"end":{"line":57,"column":23}},"type":"default-arg","locations":[{"start":{"line":57,"column":17},"end":{"line":57,"column":23}}],"line":57},"3":{"loc":{"start":{"line":68,"column":6},"end":{"line":68,"column":44}},"type":"binary-expr","locations":[{"start":{"line":68,"column":6},"end":{"line":68,"column":10}},{"start":{"line":68,"column":14},"end":{"line":68,"column":44}}],"line":68},"4":{"loc":{"start":{"line":73,"column":5},"end":{"line":73,"column":58}},"type":"binary-expr","locations":[{"start":{"line":73,"column":5},"end":{"line":73,"column":9}},{"start":{"line":73,"column":13},"end":{"line":73,"column":58}}],"line":73},"5":{"loc":{"start":{"line":74,"column":5},"end":{"line":74,"column":57}},"type":"binary-expr","locations":[{"start":{"line":74,"column":5},"end":{"line":74,"column":9}},{"start":{"line":74,"column":13},"end":{"line":74,"column":57}}],"line":74}},"s":{"0":1,"1":27,"2":117,"3":1,"4":1,"5":9,"6":1,"7":9,"8":1},"f":{"0":27,"1":117,"2":9,"3":9},"b":{"0":[27,27],"1":[9],"2":[9],"3":[9,3],"4":[9,3],"5":[9,4]},"_coverageSchema":"1a1c01bbd47fc00a2c39e90264f33305004495a9","hash":"98dc5fc1672bf5b4aa14a965e9ddd499139f1db9"}
,"/Users/matt/code/improvnz/app/javascript/atoms/Icon/index.tsx": {"path":"/Users/matt/code/improvnz/app/javascript/atoms/Icon/index.tsx","statementMap":{"0":{"start":{"line":5,"column":26},"end":{"line":5,"column":28}},"1":{"start":{"line":6,"column":24},"end":{"line":6,"column":26}},"2":{"start":{"line":14,"column":56},"end":{"line":77,"column":10}},"3":{"start":{"line":86,"column":24},"end":{"line":87,"column":70}},"4":{"start":{"line":87,"column":2},"end":{"line":87,"column":70}},"5":{"start":{"line":89,"column":34},"end":{"line":106,"column":1}},"6":{"start":{"line":90,"column":21},"end":{"line":90,"column":40}},"7":{"start":{"line":91,"column":15},"end":{"line":91,"column":68}},"8":{"start":{"line":93,"column":2},"end":{"line":105,"column":4}},"9":{"start":{"line":108,"column":0},"end":{"line":108,"column":26}}},"fnMap":{"0":{"name":"(anonymous_0)","decl":{"start":{"line":86,"column":24},"end":{"line":86,"column":25}},"loc":{"start":{"line":87,"column":2},"end":{"line":87,"column":70}},"line":87},"1":{"name":"(anonymous_1)","decl":{"start":{"line":89,"column":34},"end":{"line":89,"column":35}},"loc":{"start":{"line":89,"column":96},"end":{"line":106,"column":1}},"line":89}},"branchMap":{"0":{"loc":{"start":{"line":87,"column":2},"end":{"line":87,"column":70}},"type":"cond-expr","locations":[{"start":{"line":87,"column":35},"end":{"line":87,"column":50}},{"start":{"line":87,"column":53},"end":{"line":87,"column":70}}],"line":87},"1":{"loc":{"start":{"line":90,"column":21},"end":{"line":90,"column":40}},"type":"binary-expr","locations":[{"start":{"line":90,"column":21},"end":{"line":90,"column":25}},{"start":{"line":90,"column":29},"end":{"line":90,"column":40}}],"line":90},"2":{"loc":{"start":{"line":91,"column":15},"end":{"line":91,"column":68}},"type":"binary-expr","locations":[{"start":{"line":91,"column":15},"end":{"line":91,"column":24}},{"start":{"line":91,"column":28},"end":{"line":91,"column":43}},{"start":{"line":91,"column":47},"end":{"line":91,"column":68}}],"line":91},"3":{"loc":{"start":{"line":95,"column":36},"end":{"line":95,"column":77}},"type":"binary-expr","locations":[{"start":{"line":95,"column":36},"end":{"line":95,"column":46}},{"start":{"line":95,"column":50},"end":{"line":95,"column":77}}],"line":95},"4":{"loc":{"start":{"line":102,"column":7},"end":{"line":102,"column":49}},"type":"binary-expr","locations":[{"start":{"line":102,"column":7},"end":{"line":102,"column":17}},{"start":{"line":102,"column":21},"end":{"line":102,"column":49}}],"line":102}},"s":{"0":1,"1":1,"2":1,"3":1,"4":3,"5":1,"6":3,"7":3,"8":3,"9":1},"f":{"0":3,"1":3},"b":{"0":[0,3],"1":[3,3],"2":[3,3,3],"3":[3,3],"4":[3,3]},"_coverageSchema":"1a1c01bbd47fc00a2c39e90264f33305004495a9","hash":"dff4ee47476ee52c1b1357d50a348e719285945f"}
}
