TN:
SF:app/javascript/atoms/Button/index.tsx
FN:44,(anonymous_0)
FN:45,(anonymous_1)
FN:52,(anonymous_2)
FN:54,(anonymous_3)
FNF:4
FNH:4
FNDA:27,(anonymous_0)
FNDA:117,(anonymous_1)
FNDA:9,(anonymous_2)
FNDA:9,(anonymous_3)
DA:44,1
DA:45,117
DA:47,1
DA:52,9
DA:54,1
DA:62,9
DA:79,1
LF:7
LH:7
BRDA:45,0,0,27
BRDA:45,0,1,27
BRDA:55,1,0,9
BRDA:57,2,0,9
BRDA:68,3,0,9
BRDA:68,3,1,3
BRDA:73,4,0,9
BRDA:73,4,1,3
BRDA:74,5,0,9
BRDA:74,5,1,4
BRF:10
BRH:10
end_of_record
TN:
SF:app/javascript/atoms/Icon/index.tsx
FN:86,(anonymous_0)
FN:89,(anonymous_1)
FNF:2
FNH:2
FNDA:3,(anonymous_0)
FNDA:3,(anonymous_1)
DA:5,1
DA:6,1
DA:14,1
DA:86,1
DA:87,3
DA:89,1
DA:90,3
DA:91,3
DA:93,3
DA:108,1
LF:10
LH:10
BRDA:87,0,0,0
BRDA:87,0,1,3
BRDA:90,1,0,3
BRDA:90,1,1,3
BRDA:91,2,0,3
BRDA:91,2,1,3
BRDA:91,2,2,3
BRDA:95,3,0,3
BRDA:95,3,1,3
BRDA:102,4,0,3
BRDA:102,4,1,3
BRF:11
BRH:10
end_of_record
